build/intermediates/manifest_merge_blame_file/debug/manifest-merger-blame-debug-report.txt
1<?xml version="1.0" encoding="utf-8"?>
2<manifest xmlns:android="http://schemas.android.com/apk/res/android"
3    xmlns:androidprv="http://schemas.android.com/apk/prv/res/android"
4    coreApp="true"
5    package="com.android.settings"
6    android:sharedUserId="android.uid.system"
7    android:versionCode="30"
8    android:versionName="30.0" >
9
10    <uses-sdk
11        android:minSdkVersion="30"
11-->mk105/BoringSettings/AndroidManifest.xml
12        android:targetSdkVersion="30" />
12-->mk105/BoringSettings/AndroidManifest.xml
13
14    <original-package android:name="com.android.settings" />
14-->mk105/BoringSettings/AndroidManifest.xml:7:5-61
14-->mk105/BoringSettings/AndroidManifest.xml:7:23-58
15
16    <uses-permission android:name="android.permission.REQUEST_NETWORK_SCORES" />
16-->mk105/BoringSettings/AndroidManifest.xml:9:5-81
16-->mk105/BoringSettings/AndroidManifest.xml:9:22-78
17    <uses-permission android:name="android.permission.WRITE_MEDIA_STORAGE" />
17-->mk105/BoringSettings/AndroidManifest.xml:10:5-78
17-->mk105/BoringSettings/AndroidManifest.xml:10:22-75
18    <uses-permission android:name="android.permission.MANAGE_EXTERNAL_STORAGE" />
18-->mk105/BoringSettings/AndroidManifest.xml:11:5-82
18-->mk105/BoringSettings/AndroidManifest.xml:11:22-79
19    <uses-permission android:name="android.permission.WRITE_EXTERNAL_STORAGE" />
19-->mk105/BoringSettings/AndroidManifest.xml:12:5-81
19-->mk105/BoringSettings/AndroidManifest.xml:12:22-78
20    <uses-permission android:name="android.permission.READ_EXTERNAL_STORAGE" />
20-->mk105/BoringSettings/AndroidManifest.xml:13:5-80
20-->mk105/BoringSettings/AndroidManifest.xml:13:22-77
21    <uses-permission android:name="android.permission.WRITE_SETTINGS" />
21-->mk105/BoringSettings/AndroidManifest.xml:14:5-73
21-->mk105/BoringSettings/AndroidManifest.xml:14:22-70
22    <uses-permission android:name="android.permission.WRITE_SECURE_SETTINGS" />
22-->mk105/BoringSettings/AndroidManifest.xml:15:5-80
22-->mk105/BoringSettings/AndroidManifest.xml:15:22-77
23    <uses-permission android:name="android.permission.DEVICE_POWER" />
23-->mk105/BoringSettings/AndroidManifest.xml:16:5-71
23-->mk105/BoringSettings/AndroidManifest.xml:16:22-68
24    <uses-permission android:name="android.permission.CHANGE_CONFIGURATION" />
24-->mk105/BoringSettings/AndroidManifest.xml:17:5-79
24-->mk105/BoringSettings/AndroidManifest.xml:17:22-76
25    <uses-permission android:name="android.permission.MOUNT_UNMOUNT_FILESYSTEMS" />
25-->mk105/BoringSettings/AndroidManifest.xml:18:5-84
25-->mk105/BoringSettings/AndroidManifest.xml:18:22-81
26    <uses-permission android:name="android.permission.VIBRATE" />
26-->mk105/BoringSettings/AndroidManifest.xml:19:5-66
26-->mk105/BoringSettings/AndroidManifest.xml:19:22-63
27    <uses-permission android:name="android.permission.BLUETOOTH" />
27-->mk105/BoringSettings/AndroidManifest.xml:20:5-68
27-->mk105/BoringSettings/AndroidManifest.xml:20:22-65
28    <uses-permission android:name="android.permission.BLUETOOTH_ADMIN" />
28-->mk105/BoringSettings/AndroidManifest.xml:21:5-74
28-->mk105/BoringSettings/AndroidManifest.xml:21:22-71
29    <uses-permission android:name="android.permission.BLUETOOTH_PRIVILEGED" />
29-->mk105/BoringSettings/AndroidManifest.xml:22:5-79
29-->mk105/BoringSettings/AndroidManifest.xml:22:22-76
30    <uses-permission android:name="android.permission.NFC" />
30-->mk105/BoringSettings/AndroidManifest.xml:23:5-62
30-->mk105/BoringSettings/AndroidManifest.xml:23:22-59
31    <uses-permission android:name="android.permission.HARDWARE_TEST" />
31-->mk105/BoringSettings/AndroidManifest.xml:24:5-72
31-->mk105/BoringSettings/AndroidManifest.xml:24:22-69
32    <uses-permission android:name="android.permission.CALL_PHONE" />
32-->mk105/BoringSettings/AndroidManifest.xml:25:5-69
32-->mk105/BoringSettings/AndroidManifest.xml:25:22-66
33    <uses-permission android:name="android.permission.MODIFY_AUDIO_SETTINGS" />
33-->mk105/BoringSettings/AndroidManifest.xml:26:5-80
33-->mk105/BoringSettings/AndroidManifest.xml:26:22-77
34    <uses-permission android:name="android.permission.MASTER_CLEAR" />
34-->mk105/BoringSettings/AndroidManifest.xml:27:5-71
34-->mk105/BoringSettings/AndroidManifest.xml:27:22-68
35    <uses-permission android:name="com.google.android.googleapps.permission.GOOGLE_AUTH" />
35-->mk105/BoringSettings/AndroidManifest.xml:28:5-92
35-->mk105/BoringSettings/AndroidManifest.xml:28:22-89
36    <uses-permission android:name="android.permission.ACCESS_DOWNLOAD_MANAGER" />
36-->mk105/BoringSettings/AndroidManifest.xml:29:5-82
36-->mk105/BoringSettings/AndroidManifest.xml:29:22-79
37    <uses-permission android:name="android.permission.READ_CONTACTS" />
37-->mk105/BoringSettings/AndroidManifest.xml:30:5-72
37-->mk105/BoringSettings/AndroidManifest.xml:30:22-69
38    <uses-permission android:name="android.permission.WRITE_CONTACTS" />
38-->mk105/BoringSettings/AndroidManifest.xml:31:5-73
38-->mk105/BoringSettings/AndroidManifest.xml:31:22-70
39    <uses-permission android:name="android.permission.ACCESS_NETWORK_STATE" />
39-->mk105/BoringSettings/AndroidManifest.xml:32:5-79
39-->mk105/BoringSettings/AndroidManifest.xml:32:22-76
40    <uses-permission android:name="android.permission.LOCAL_MAC_ADDRESS" />
40-->mk105/BoringSettings/AndroidManifest.xml:33:5-76
40-->mk105/BoringSettings/AndroidManifest.xml:33:22-73
41    <uses-permission android:name="android.permission.ACCESS_WIFI_STATE" />
41-->mk105/BoringSettings/AndroidManifest.xml:34:5-76
41-->mk105/BoringSettings/AndroidManifest.xml:34:22-73
42    <uses-permission android:name="com.android.certinstaller.INSTALL_AS_USER" />
42-->mk105/BoringSettings/AndroidManifest.xml:35:5-81
42-->mk105/BoringSettings/AndroidManifest.xml:35:22-78
43    <uses-permission android:name="android.permission.CHANGE_WIFI_STATE" />
43-->mk105/BoringSettings/AndroidManifest.xml:36:5-76
43-->mk105/BoringSettings/AndroidManifest.xml:36:22-73
44    <uses-permission android:name="android.permission.TETHER_PRIVILEGED" />
44-->mk105/BoringSettings/AndroidManifest.xml:37:5-76
44-->mk105/BoringSettings/AndroidManifest.xml:37:22-73
45    <uses-permission android:name="android.permission.FOREGROUND_SERVICE" />
45-->mk105/BoringSettings/AndroidManifest.xml:38:5-76
45-->mk105/BoringSettings/AndroidManifest.xml:38:22-74
46    <uses-permission android:name="android.permission.INTERNET" />
46-->mk105/BoringSettings/AndroidManifest.xml:39:5-67
46-->mk105/BoringSettings/AndroidManifest.xml:39:22-64
47    <uses-permission android:name="android.permission.CLEAR_APP_USER_DATA" />
47-->mk105/BoringSettings/AndroidManifest.xml:40:5-78
47-->mk105/BoringSettings/AndroidManifest.xml:40:22-75
48    <uses-permission android:name="android.permission.READ_PRIVILEGED_PHONE_STATE" />
48-->mk105/BoringSettings/AndroidManifest.xml:41:5-86
48-->mk105/BoringSettings/AndroidManifest.xml:41:22-83
49    <uses-permission android:name="android.permission.READ_PHONE_STATE" />
49-->mk105/BoringSettings/AndroidManifest.xml:42:5-75
49-->mk105/BoringSettings/AndroidManifest.xml:42:22-72
50    <uses-permission android:name="android.permission.READ_PRIVILEGED_PHONE_STATE" />
50-->mk105/BoringSettings/AndroidManifest.xml:41:5-86
50-->mk105/BoringSettings/AndroidManifest.xml:41:22-83
51    <uses-permission android:name="android.permission.MODIFY_PHONE_STATE" />
51-->mk105/BoringSettings/AndroidManifest.xml:44:5-77
51-->mk105/BoringSettings/AndroidManifest.xml:44:22-74
52    <uses-permission android:name="android.permission.ACCESS_FINE_LOCATION" />
52-->mk105/BoringSettings/AndroidManifest.xml:45:5-78
52-->mk105/BoringSettings/AndroidManifest.xml:45:22-76
53    <uses-permission android:name="android.permission.WRITE_APN_SETTINGS" />
53-->mk105/BoringSettings/AndroidManifest.xml:46:5-76
53-->mk105/BoringSettings/AndroidManifest.xml:46:22-74
54    <uses-permission android:name="android.permission.ACCESS_CHECKIN_PROPERTIES" />
54-->mk105/BoringSettings/AndroidManifest.xml:47:5-83
54-->mk105/BoringSettings/AndroidManifest.xml:47:22-81
55    <uses-permission android:name="android.permission.READ_USER_DICTIONARY" />
55-->mk105/BoringSettings/AndroidManifest.xml:48:5-78
55-->mk105/BoringSettings/AndroidManifest.xml:48:22-76
56    <uses-permission android:name="android.permission.WRITE_USER_DICTIONARY" />
56-->mk105/BoringSettings/AndroidManifest.xml:49:5-79
56-->mk105/BoringSettings/AndroidManifest.xml:49:22-77
57    <uses-permission android:name="android.permission.FORCE_STOP_PACKAGES" />
57-->mk105/BoringSettings/AndroidManifest.xml:50:5-77
57-->mk105/BoringSettings/AndroidManifest.xml:50:22-75
58    <uses-permission android:name="android.permission.PACKAGE_USAGE_STATS" />
58-->mk105/BoringSettings/AndroidManifest.xml:51:5-77
58-->mk105/BoringSettings/AndroidManifest.xml:51:22-75
59    <uses-permission android:name="android.permission.BATTERY_STATS" />
59-->mk105/BoringSettings/AndroidManifest.xml:52:5-71
59-->mk105/BoringSettings/AndroidManifest.xml:52:22-69
60    <uses-permission android:name="com.android.launcher.permission.READ_SETTINGS" />
60-->mk105/BoringSettings/AndroidManifest.xml:53:5-85
60-->mk105/BoringSettings/AndroidManifest.xml:53:22-82
61    <uses-permission android:name="com.android.launcher.permission.WRITE_SETTINGS" />
61-->mk105/BoringSettings/AndroidManifest.xml:54:5-86
61-->mk105/BoringSettings/AndroidManifest.xml:54:22-83
62    <uses-permission android:name="android.permission.MOVE_PACKAGE" />
62-->mk105/BoringSettings/AndroidManifest.xml:55:5-71
62-->mk105/BoringSettings/AndroidManifest.xml:55:22-68
63    <uses-permission android:name="android.permission.USE_CREDENTIALS" />
63-->mk105/BoringSettings/AndroidManifest.xml:56:5-74
63-->mk105/BoringSettings/AndroidManifest.xml:56:22-71
64    <uses-permission android:name="android.permission.BACKUP" />
64-->mk105/BoringSettings/AndroidManifest.xml:57:5-65
64-->mk105/BoringSettings/AndroidManifest.xml:57:22-62
65    <uses-permission android:name="android.permission.READ_SYNC_STATS" />
65-->mk105/BoringSettings/AndroidManifest.xml:58:5-74
65-->mk105/BoringSettings/AndroidManifest.xml:58:22-71
66    <uses-permission android:name="android.permission.READ_SYNC_SETTINGS" />
66-->mk105/BoringSettings/AndroidManifest.xml:59:5-77
66-->mk105/BoringSettings/AndroidManifest.xml:59:22-74
67    <uses-permission android:name="android.permission.WRITE_SYNC_SETTINGS" />
67-->mk105/BoringSettings/AndroidManifest.xml:60:5-78
67-->mk105/BoringSettings/AndroidManifest.xml:60:22-75
68    <uses-permission android:name="android.permission.READ_DEVICE_CONFIG" />
68-->mk105/BoringSettings/AndroidManifest.xml:61:5-77
68-->mk105/BoringSettings/AndroidManifest.xml:61:22-74
69    <uses-permission android:name="android.permission.STATUS_BAR" />
69-->mk105/BoringSettings/AndroidManifest.xml:62:5-69
69-->mk105/BoringSettings/AndroidManifest.xml:62:22-66
70    <uses-permission android:name="android.permission.MANAGE_USB" />
70-->mk105/BoringSettings/AndroidManifest.xml:63:5-69
70-->mk105/BoringSettings/AndroidManifest.xml:63:22-66
71    <uses-permission android:name="android.permission.MANAGE_DEBUGGING" />
71-->mk105/BoringSettings/AndroidManifest.xml:64:5-75
71-->mk105/BoringSettings/AndroidManifest.xml:64:22-72
72    <uses-permission android:name="android.permission.SET_POINTER_SPEED" />
72-->mk105/BoringSettings/AndroidManifest.xml:65:5-76
72-->mk105/BoringSettings/AndroidManifest.xml:65:22-73
73    <uses-permission android:name="android.permission.SET_KEYBOARD_LAYOUT" />
73-->mk105/BoringSettings/AndroidManifest.xml:66:5-78
73-->mk105/BoringSettings/AndroidManifest.xml:66:22-75
74    <uses-permission android:name="android.permission.INTERACT_ACROSS_USERS_FULL" />
74-->mk105/BoringSettings/AndroidManifest.xml:67:5-85
74-->mk105/BoringSettings/AndroidManifest.xml:67:22-82
75    <uses-permission android:name="android.permission.COPY_PROTECTED_DATA" />
75-->mk105/BoringSettings/AndroidManifest.xml:68:5-78
75-->mk105/BoringSettings/AndroidManifest.xml:68:22-75
76    <uses-permission android:name="android.permission.MANAGE_USERS" />
76-->mk105/BoringSettings/AndroidManifest.xml:69:5-71
76-->mk105/BoringSettings/AndroidManifest.xml:69:22-68
77    <uses-permission android:name="android.permission.MANAGE_PROFILE_AND_DEVICE_OWNERS" />
77-->mk105/BoringSettings/AndroidManifest.xml:70:5-91
77-->mk105/BoringSettings/AndroidManifest.xml:70:22-88
78    <uses-permission android:name="android.permission.READ_PROFILE" />
78-->mk105/BoringSettings/AndroidManifest.xml:71:5-71
78-->mk105/BoringSettings/AndroidManifest.xml:71:22-68
79    <uses-permission android:name="android.permission.CONFIGURE_WIFI_DISPLAY" />
79-->mk105/BoringSettings/AndroidManifest.xml:72:5-81
79-->mk105/BoringSettings/AndroidManifest.xml:72:22-78
80    <uses-permission android:name="android.permission.CONFIGURE_DISPLAY_COLOR_MODE" />
80-->mk105/BoringSettings/AndroidManifest.xml:73:5-87
80-->mk105/BoringSettings/AndroidManifest.xml:73:22-84
81    <uses-permission android:name="android.permission.CONTROL_DISPLAY_COLOR_TRANSFORMS" />
81-->mk105/BoringSettings/AndroidManifest.xml:74:5-91
81-->mk105/BoringSettings/AndroidManifest.xml:74:22-88
82    <uses-permission android:name="android.permission.SUGGEST_MANUAL_TIME_AND_ZONE" />
82-->mk105/BoringSettings/AndroidManifest.xml:75:5-87
82-->mk105/BoringSettings/AndroidManifest.xml:75:22-84
83    <uses-permission android:name="android.permission.ACCESS_NOTIFICATIONS" />
83-->mk105/BoringSettings/AndroidManifest.xml:76:5-79
83-->mk105/BoringSettings/AndroidManifest.xml:76:22-76
84    <uses-permission android:name="android.permission.REBOOT" />
84-->mk105/BoringSettings/AndroidManifest.xml:77:5-65
84-->mk105/BoringSettings/AndroidManifest.xml:77:22-62
85    <uses-permission android:name="android.permission.RECEIVE_BOOT_COMPLETED" />
85-->mk105/BoringSettings/AndroidManifest.xml:78:5-81
85-->mk105/BoringSettings/AndroidManifest.xml:78:22-78
86    <uses-permission android:name="android.permission.MANAGE_DEVICE_ADMINS" />
86-->mk105/BoringSettings/AndroidManifest.xml:79:5-79
86-->mk105/BoringSettings/AndroidManifest.xml:79:22-76
87    <uses-permission android:name="android.permission.READ_SEARCH_INDEXABLES" />
87-->mk105/BoringSettings/AndroidManifest.xml:80:5-81
87-->mk105/BoringSettings/AndroidManifest.xml:80:22-78
88    <uses-permission android:name="android.permission.BIND_SETTINGS_SUGGESTIONS_SERVICE" />
88-->mk105/BoringSettings/AndroidManifest.xml:81:5-92
88-->mk105/BoringSettings/AndroidManifest.xml:81:22-89
89    <uses-permission android:name="android.permission.OEM_UNLOCK_STATE" />
89-->mk105/BoringSettings/AndroidManifest.xml:82:5-75
89-->mk105/BoringSettings/AndroidManifest.xml:82:22-72
90    <uses-permission android:name="android.permission.MANAGE_USER_OEM_UNLOCK_STATE" />
90-->mk105/BoringSettings/AndroidManifest.xml:83:5-87
90-->mk105/BoringSettings/AndroidManifest.xml:83:22-84
91    <uses-permission android:name="android.permission.OVERRIDE_WIFI_CONFIG" />
91-->mk105/BoringSettings/AndroidManifest.xml:84:5-79
91-->mk105/BoringSettings/AndroidManifest.xml:84:22-76
92    <uses-permission android:name="android.permission.MANAGE_FINGERPRINT" />
92-->mk105/BoringSettings/AndroidManifest.xml:85:5-77
92-->mk105/BoringSettings/AndroidManifest.xml:85:22-74
93    <uses-permission android:name="android.permission.USE_BIOMETRIC" />
93-->mk105/BoringSettings/AndroidManifest.xml:86:5-72
93-->mk105/BoringSettings/AndroidManifest.xml:86:22-69
94    <uses-permission android:name="android.permission.USE_BIOMETRIC_INTERNAL" />
94-->mk105/BoringSettings/AndroidManifest.xml:87:5-81
94-->mk105/BoringSettings/AndroidManifest.xml:87:22-78
95    <uses-permission android:name="android.permission.USER_ACTIVITY" />
95-->mk105/BoringSettings/AndroidManifest.xml:88:5-72
95-->mk105/BoringSettings/AndroidManifest.xml:88:22-69
96    <uses-permission android:name="android.permission.CHANGE_APP_IDLE_STATE" />
96-->mk105/BoringSettings/AndroidManifest.xml:89:5-80
96-->mk105/BoringSettings/AndroidManifest.xml:89:22-77
97    <uses-permission android:name="android.permission.PEERS_MAC_ADDRESS" />
97-->mk105/BoringSettings/AndroidManifest.xml:90:5-75
97-->mk105/BoringSettings/AndroidManifest.xml:90:22-73
98    <uses-permission android:name="android.permission.MANAGE_NOTIFICATIONS" />
98-->mk105/BoringSettings/AndroidManifest.xml:91:5-78
98-->mk105/BoringSettings/AndroidManifest.xml:91:22-76
99    <uses-permission android:name="android.permission.DELETE_PACKAGES" />
99-->mk105/BoringSettings/AndroidManifest.xml:92:5-73
99-->mk105/BoringSettings/AndroidManifest.xml:92:22-71
100    <uses-permission android:name="android.permission.REQUEST_DELETE_PACKAGES" />
100-->mk105/BoringSettings/AndroidManifest.xml:93:5-82
100-->mk105/BoringSettings/AndroidManifest.xml:93:22-79
101    <uses-permission android:name="android.permission.MANAGE_APP_OPS_RESTRICTIONS" />
101-->mk105/BoringSettings/AndroidManifest.xml:94:5-85
101-->mk105/BoringSettings/AndroidManifest.xml:94:22-83
102    <uses-permission android:name="android.permission.MANAGE_APP_OPS_MODES" />
102-->mk105/BoringSettings/AndroidManifest.xml:95:5-79
102-->mk105/BoringSettings/AndroidManifest.xml:95:22-76
103    <uses-permission android:name="android.permission.HIDE_NON_SYSTEM_OVERLAY_WINDOWS" />
103-->mk105/BoringSettings/AndroidManifest.xml:96:5-89
103-->mk105/BoringSettings/AndroidManifest.xml:96:22-87
104    <uses-permission android:name="android.permission.READ_PRINT_SERVICES" />
104-->mk105/BoringSettings/AndroidManifest.xml:97:5-78
104-->mk105/BoringSettings/AndroidManifest.xml:97:22-75
105    <uses-permission android:name="android.permission.NETWORK_SETTINGS" />
105-->mk105/BoringSettings/AndroidManifest.xml:98:5-75
105-->mk105/BoringSettings/AndroidManifest.xml:98:22-72
106    <uses-permission android:name="android.permission.TEST_BLACKLISTED_PASSWORD" />
106-->mk105/BoringSettings/AndroidManifest.xml:99:5-84
106-->mk105/BoringSettings/AndroidManifest.xml:99:22-81
107    <uses-permission android:name="android.permission.USE_RESERVED_DISK" />
107-->mk105/BoringSettings/AndroidManifest.xml:100:5-76
107-->mk105/BoringSettings/AndroidManifest.xml:100:22-73
108    <uses-permission android:name="android.permission.MANAGE_SCOPED_ACCESS_DIRECTORY_PERMISSIONS" />
108-->mk105/BoringSettings/AndroidManifest.xml:101:5-101
108-->mk105/BoringSettings/AndroidManifest.xml:101:22-98
109    <uses-permission android:name="android.permission.CAMERA" />
109-->mk105/BoringSettings/AndroidManifest.xml:102:5-65
109-->mk105/BoringSettings/AndroidManifest.xml:102:22-62
110    <uses-permission android:name="android.permission.MEDIA_CONTENT_CONTROL" />
110-->mk105/BoringSettings/AndroidManifest.xml:103:5-80
110-->mk105/BoringSettings/AndroidManifest.xml:103:22-77
111    <uses-permission android:name="android.permission.INSTALL_DYNAMIC_SYSTEM" />
111-->mk105/BoringSettings/AndroidManifest.xml:104:5-81
111-->mk105/BoringSettings/AndroidManifest.xml:104:22-78
112    <uses-permission android:name="android.permission.BIND_CELL_BROADCAST_SERVICE" />
112-->mk105/BoringSettings/AndroidManifest.xml:105:5-86
112-->mk105/BoringSettings/AndroidManifest.xml:105:22-83
113    <uses-permission android:name="android.permission.SYSTEM_ALERT_WINDOW" />
113-->mk105/BoringSettings/AndroidManifest.xml:106:5-78
113-->mk105/BoringSettings/AndroidManifest.xml:106:22-75
114    <uses-permission android:name="android.permission.READ_DREAM_STATE" />
114-->mk105/BoringSettings/AndroidManifest.xml:107:5-75
114-->mk105/BoringSettings/AndroidManifest.xml:107:22-72
115    <uses-permission android:name="android.permission.READ_DREAM_SUPPRESSION" />
115-->mk105/BoringSettings/AndroidManifest.xml:108:5-81
115-->mk105/BoringSettings/AndroidManifest.xml:108:22-78
116
117    <application
117-->mk105/BoringSettings/AndroidManifest.xml:110:5-3493:19
118        android:name="com.android.settings.SettingsApplication"
118-->mk105/BoringSettings/AndroidManifest.xml:120:13-48
119        android:appComponentFactory="androidx.core.app.CoreComponentFactory"
119-->mk105/BoringSettings/AndroidManifest.xml:121:13-81
120        android:backupAgent="com.android.settings.backup.SettingsBackupHelper"
120-->mk105/BoringSettings/AndroidManifest.xml:116:13-83
121        android:defaultToDeviceProtectedStorage="true"
121-->mk105/BoringSettings/AndroidManifest.xml:118:13-59
122        android:directBootAware="true"
122-->mk105/BoringSettings/AndroidManifest.xml:119:13-43
123        android:extractNativeLibs="false"
124        android:hardwareAccelerated="true"
124-->mk105/BoringSettings/AndroidManifest.xml:113:13-47
125        android:icon="@drawable/ic_launcher_settings"
125-->mk105/BoringSettings/AndroidManifest.xml:111:13-58
126        android:label="@string/settings_label"
126-->mk105/BoringSettings/AndroidManifest.xml:110:18-56
127        android:requiredForAllUsers="true"
127-->mk105/BoringSettings/AndroidManifest.xml:114:13-47
128        android:supportsRtl="true"
128-->mk105/BoringSettings/AndroidManifest.xml:115:13-39
129        android:theme="@style/Theme.Settings"
129-->mk105/BoringSettings/AndroidManifest.xml:112:13-50
130        android:usesCleartextTraffic="true" >
130-->mk105/BoringSettings/AndroidManifest.xml:117:13-48
131        <uses-library android:name="org.apache.http.legacy" />
131-->mk105/BoringSettings/AndroidManifest.xml:123:9-63
131-->mk105/BoringSettings/AndroidManifest.xml:123:23-60
132        <!-- Settings -->
133
134        <activity
134-->mk105/BoringSettings/AndroidManifest.xml:126:9-138:20
135            android:name="com.android.settings.homepage.SettingsHomepageActivity"
135-->mk105/BoringSettings/AndroidManifest.xml:126:19-68
136            android:configChanges="keyboard|keyboardHidden"
136-->mk105/BoringSettings/AndroidManifest.xml:131:19-66
137            android:label="@string/settings_label_launcher"
137-->mk105/BoringSettings/AndroidManifest.xml:127:19-66
138            android:launchMode="singleTask"
138-->mk105/BoringSettings/AndroidManifest.xml:130:19-50
139            android:taskAffinity="com.android.settings.root"
139-->mk105/BoringSettings/AndroidManifest.xml:129:19-67
140            android:theme="@style/Theme.Settings.Home" >
140-->mk105/BoringSettings/AndroidManifest.xml:128:19-61
141            <intent-filter android:priority="1" >
141-->mk105/BoringSettings/AndroidManifest.xml:132:13-135:29
141-->mk105/BoringSettings/AndroidManifest.xml:132:28-48
142                <action android:name="android.settings.SETTINGS" />
142-->mk105/BoringSettings/AndroidManifest.xml:133:17-68
142-->mk105/BoringSettings/AndroidManifest.xml:133:25-65
143
144                <category android:name="android.intent.category.DEFAULT" />
144-->mk105/BoringSettings/AndroidManifest.xml:134:17-76
144-->mk105/BoringSettings/AndroidManifest.xml:134:27-73
145            </intent-filter>
146
147            <meta-data
147-->mk105/BoringSettings/AndroidManifest.xml:136:13-137:47
148                android:name="com.android.settings.PRIMARY_PROFILE_CONTROLLED"
148-->mk105/BoringSettings/AndroidManifest.xml:136:24-86
149                android:value="true" />
149-->mk105/BoringSettings/AndroidManifest.xml:137:24-44
150        </activity> <!-- Alias for launcher activity only, as this belongs to each profile. -->
151        <activity-alias
151-->mk105/BoringSettings/AndroidManifest.xml:155:9-166:26
152            android:name="com.android.settings.Settings"
152-->mk105/BoringSettings/AndroidManifest.xml:155:25-48
153            android:label="@string/settings_label_launcher"
153-->mk105/BoringSettings/AndroidManifest.xml:156:17-64
154            android:launchMode="singleTask"
154-->mk105/BoringSettings/AndroidManifest.xml:158:17-48
155            android:targetActivity="com.android.settings.homepage.SettingsHomepageActivity"
155-->mk105/BoringSettings/AndroidManifest.xml:159:17-76
156            android:taskAffinity="com.android.settings.root" >
156-->mk105/BoringSettings/AndroidManifest.xml:157:17-65
157            <intent-filter>
157-->mk105/BoringSettings/AndroidManifest.xml:160:13-164:29
158                <action android:name="android.intent.action.MAIN" />
158-->mk105/BoringSettings/AndroidManifest.xml:161:17-69
158-->mk105/BoringSettings/AndroidManifest.xml:161:25-66
159
160                <category android:name="android.intent.category.DEFAULT" />
160-->mk105/BoringSettings/AndroidManifest.xml:134:17-76
160-->mk105/BoringSettings/AndroidManifest.xml:134:27-73
161                <category android:name="android.intent.category.LAUNCHER" />
161-->mk105/BoringSettings/AndroidManifest.xml:163:17-77
161-->mk105/BoringSettings/AndroidManifest.xml:163:27-74
162            </intent-filter>
163
164            <meta-data
164-->mk105/BoringSettings/AndroidManifest.xml:165:13-96
165                android:name="android.app.shortcuts"
165-->mk105/BoringSettings/AndroidManifest.xml:165:24-60
166                android:resource="@xml/shortcuts" />
166-->mk105/BoringSettings/AndroidManifest.xml:165:61-94
167        </activity-alias>
168
169        <activity
169-->mk105/BoringSettings/AndroidManifest.xml:140:9-152:20
170            android:name="com.android.settings.network.telephony.MobileNetworkActivity"
170-->mk105/BoringSettings/AndroidManifest.xml:140:19-74
171            android:label="@string/network_settings_title"
171-->mk105/BoringSettings/AndroidManifest.xml:141:19-65
172            android:launchMode="singleTask"
172-->mk105/BoringSettings/AndroidManifest.xml:143:19-50
173            android:theme="@style/Theme.Settings.Home" >
173-->mk105/BoringSettings/AndroidManifest.xml:142:19-61
174            <intent-filter android:priority="1" >
174-->mk105/BoringSettings/AndroidManifest.xml:144:13-151:29
174-->mk105/BoringSettings/AndroidManifest.xml:144:28-48
175
176                <!-- Displays the MobileNetworkActivity and opt-in dialog for capability discovery. -->
177                <action android:name="android.telephony.ims.action.SHOW_CAPABILITY_DISCOVERY_OPT_IN" />
177-->mk105/BoringSettings/AndroidManifest.xml:146:17-104
177-->mk105/BoringSettings/AndroidManifest.xml:146:25-101
178                <action android:name="android.settings.NETWORK_OPERATOR_SETTINGS" />
178-->mk105/BoringSettings/AndroidManifest.xml:147:17-85
178-->mk105/BoringSettings/AndroidManifest.xml:147:25-82
179                <action android:name="android.settings.DATA_ROAMING_SETTINGS" />
179-->mk105/BoringSettings/AndroidManifest.xml:148:17-81
179-->mk105/BoringSettings/AndroidManifest.xml:148:25-78
180                <action android:name="android.settings.MMS_MESSAGE_SETTING" />
180-->mk105/BoringSettings/AndroidManifest.xml:149:17-79
180-->mk105/BoringSettings/AndroidManifest.xml:149:25-76
181
182                <category android:name="android.intent.category.DEFAULT" />
182-->mk105/BoringSettings/AndroidManifest.xml:134:17-76
182-->mk105/BoringSettings/AndroidManifest.xml:134:27-73
183            </intent-filter>
184        </activity>
185
186        <receiver android:name="com.android.settings.SettingsInitialize" >
186-->mk105/BoringSettings/AndroidManifest.xml:168:9-173:20
186-->mk105/BoringSettings/AndroidManifest.xml:168:19-53
187            <intent-filter>
187-->mk105/BoringSettings/AndroidManifest.xml:169:13-172:29
188                <action android:name="android.intent.action.USER_INITIALIZE" />
188-->mk105/BoringSettings/AndroidManifest.xml:170:17-79
188-->mk105/BoringSettings/AndroidManifest.xml:170:25-77
189                <action android:name="android.intent.action.PRE_BOOT_COMPLETED" />
189-->mk105/BoringSettings/AndroidManifest.xml:171:17-82
189-->mk105/BoringSettings/AndroidManifest.xml:171:25-80
190            </intent-filter>
191        </receiver>
192
193        <activity android:name="com.android.settings.SubSettings" />
193-->mk105/BoringSettings/AndroidManifest.xml:175:9-48
193-->mk105/BoringSettings/AndroidManifest.xml:175:19-46
194        <activity
194-->mk105/BoringSettings/AndroidManifest.xml:177:9-186:20
195            android:name="com.android.settings.Settings$CreateShortcutActivity"
195-->mk105/BoringSettings/AndroidManifest.xml:177:19-66
196            android:label="@string/settings_shortcut" >
196-->mk105/BoringSettings/AndroidManifest.xml:178:19-60
197            <intent-filter>
197-->mk105/BoringSettings/AndroidManifest.xml:179:13-182:29
198                <action android:name="android.intent.action.CREATE_SHORTCUT" />
198-->mk105/BoringSettings/AndroidManifest.xml:180:17-80
198-->mk105/BoringSettings/AndroidManifest.xml:180:25-77
199
200                <category android:name="android.intent.category.DEFAULT" />
200-->mk105/BoringSettings/AndroidManifest.xml:134:17-76
200-->mk105/BoringSettings/AndroidManifest.xml:134:27-73
201            </intent-filter>
202
203            <meta-data
203-->mk105/BoringSettings/AndroidManifest.xml:183:13-185:80
204                android:name="com.android.settings.FRAGMENT_CLASS"
204-->mk105/BoringSettings/AndroidManifest.xml:184:17-67
205                android:value="com.android.settings.shortcut.CreateShortcut" />
205-->mk105/BoringSettings/AndroidManifest.xml:185:17-77
206        </activity>
207
208        <!-- Wireless Controls -->
209        <activity
209-->mk105/BoringSettings/AndroidManifest.xml:189:9-208:20
210            android:name="com.android.settings.Settings$NetworkDashboardActivity"
210-->mk105/BoringSettings/AndroidManifest.xml:190:13-62
211            android:icon="@drawable/ic_homepage_network"
211-->mk105/BoringSettings/AndroidManifest.xml:192:13-57
212            android:label="@string/network_dashboard_title" >
212-->mk105/BoringSettings/AndroidManifest.xml:191:13-60
213            <intent-filter android:priority="1" >
213-->mk105/BoringSettings/AndroidManifest.xml:193:13-198:29
213-->mk105/BoringSettings/AndroidManifest.xml:193:28-48
214                <action android:name="android.settings.WIRELESS_SETTINGS" />
214-->mk105/BoringSettings/AndroidManifest.xml:194:17-77
214-->mk105/BoringSettings/AndroidManifest.xml:194:25-74
215                <action android:name="android.settings.AIRPLANE_MODE_SETTINGS" />